<?xml version="1.0" encoding="UTF-8"?>
<testng-results ignored="0" total="1" passed="1" failed="0" skipped="0">
  <reporter-output>
  </reporter-output>
  <suite started-at="2023-07-14T08:43:10 IST" name="Default suite" finished-at="2023-07-14T08:43:21 IST" duration-ms="11386">
    <groups>
    </groups>
    <test started-at="2023-07-14T08:43:10 IST" name="Default test" finished-at="2023-07-14T08:43:21 IST" duration-ms="11386">
      <class name="Demo.Actictime">
        <test-method signature="actiTest()[pri:0, instance:Demo.Actictime@17046283]" started-at="2023-07-14T08:43:10 IST" name="actiTest" finished-at="2023-07-14T08:43:21 IST" duration-ms="11235" status="PASS">
          <reporter-output>
          </reporter-output>
        </test-method> <!-- actiTest -->
      </class> <!-- Demo.Actictime -->
    </test> <!-- Default test -->
  </suite> <!-- Default suite -->
</testng-results>
